<?xml version="1.0" encoding="UTF-8"?>
<!-- Generated by org.testng.reporters.JUnitXMLReporter -->
<testsuite ignored="0" hostname="DESKTOP-QF5VSDD" failures="0" tests="4" name="Test" time="13.557" errors="0" timestamp="2023-05-20T10:38:25 IST">
  <testcase classname="test_class.post_test_class" name="orchestor" time="7.55"/>
  <testcase classname="test_class.get_test_class" name="orchester" time="1.651"/>
  <testcase classname="test_class.patch_test_class" name="orchestrator" time="2.913"/>
  <testcase classname="test_class.put_test_class" name="orchestor" time="1.154"/>
</testsuite> <!-- Test -->
