<?xml version="1.0" encoding="UTF-8"?>
<testng-results ignored="0" total="4" passed="4" failed="0" skipped="0">
  <reporter-output>
  </reporter-output>
  <suite started-at="2023-05-20T10:38:11 IST" name="Suite" finished-at="2023-05-20T10:38:24 IST" duration-ms="13557">
    <groups>
    </groups>
    <test started-at="2023-05-20T10:38:11 IST" name="Test" finished-at="2023-05-20T10:38:24 IST" duration-ms="13557">
      <class name="test_class.put_test_class">
        <test-method signature="orchestor()[pri:0, instance:test_class.put_test_class@1bd39d3c]" started-at="2023-05-20T10:38:23 IST" name="orchestor" finished-at="2023-05-20T10:38:24 IST" duration-ms="1154" status="PASS">
          <reporter-output>
          </reporter-output>
        </test-method> <!-- orchestor -->
      </class> <!-- test_class.put_test_class -->
      <class name="test_class.post_test_class">
        <test-method signature="orchestor()[pri:0, instance:test_class.post_test_class@571c5681]" started-at="2023-05-20T10:38:11 IST" name="orchestor" finished-at="2023-05-20T10:38:19 IST" duration-ms="7550" status="PASS">
          <reporter-output>
          </reporter-output>
        </test-method> <!-- orchestor -->
      </class> <!-- test_class.post_test_class -->
      <class name="test_class.get_test_class">
        <test-method signature="orchester()[pri:0, instance:test_class.get_test_class@4397ad89]" started-at="2023-05-20T10:38:19 IST" name="orchester" finished-at="2023-05-20T10:38:20 IST" duration-ms="1651" status="PASS">
          <reporter-output>
          </reporter-output>
        </test-method> <!-- orchester -->
      </class> <!-- test_class.get_test_class -->
      <class name="test_class.patch_test_class">
        <test-method signature="orchestrator()[pri:0, instance:test_class.patch_test_class@59cba5a]" started-at="2023-05-20T10:38:20 IST" name="orchestrator" finished-at="2023-05-20T10:38:23 IST" duration-ms="2913" status="PASS">
          <reporter-output>
          </reporter-output>
        </test-method> <!-- orchestrator -->
      </class> <!-- test_class.patch_test_class -->
    </test> <!-- Test -->
  </suite> <!-- Suite -->
</testng-results>
